0 info it worked if it ends with ok
1 verbose cli [ '/home/mali/.nvm/versions/node/v5.6.0/bin/node',
1 verbose cli   '/home/mali/.nvm/versions/node/v5.6.0/bin/npm',
1 verbose cli   'run',
1 verbose cli   'gulp' ]
2 info using npm@3.6.0
3 info using node@v5.6.0
4 verbose run-script [ 'pregulp', 'gulp', 'postgulp' ]
5 info lifecycle angular2-boilerplate@1.0.0~pregulp: angular2-boilerplate@1.0.0
6 silly lifecycle angular2-boilerplate@1.0.0~pregulp: no script for pregulp, continuing
7 info lifecycle angular2-boilerplate@1.0.0~gulp: angular2-boilerplate@1.0.0
8 verbose lifecycle angular2-boilerplate@1.0.0~gulp: unsafe-perm in lifecycle true
9 verbose lifecycle angular2-boilerplate@1.0.0~gulp: PATH: /home/mali/.nvm/versions/node/v5.6.0/lib/node_modules/npm/bin/node-gyp-bin:/home/mali/hollandStopWatch/angular-2-beta-boilerplate/node_modules/.bin:/home/mali/.nvm/versions/node/v5.6.0/lib/node_modules/npm/bin/node-gyp-bin:/home/mali/hollandStopWatch/angular-2-beta-boilerplate/node_modules/.bin:/usr/local/src/scala/scala-2.10.4/bin:/home/mali/.nvm/versions/node/v5.6.0/bin:/home/mali/local/bin:/usr/local/heroku/bin:/home/mali/.rvm/gems/ruby-2.2.3/bin:/home/mali/.rvm/gems/ruby-2.2.3@global/bin:/home/mali/.rvm/rubies/ruby-2.2.3/bin:/usr/local/sbin:/usr/local/bin:/usr/sbin:/usr/bin:/sbin:/bin:/usr/games:/usr/local/games:/home/mali/android-studio/bin/:/usr/lib/jvm/java-8-oracle/bin:/usr/lib/jvm/java-8-oracle/db/bin:/usr/lib/jvm/java-8-oracle/jre/bin:/home/mali/.rvm/bin:/home/mali/.rvm/bin:/home/mali/Android/Sdk/platform-tools
10 verbose lifecycle angular2-boilerplate@1.0.0~gulp: CWD: /home/mali/hollandStopWatch/angular-2-beta-boilerplate
11 silly lifecycle angular2-boilerplate@1.0.0~gulp: Args: [ '-c', 'gulp' ]
12 silly lifecycle angular2-boilerplate@1.0.0~gulp: Returned: code: 1  signal: null
13 info lifecycle angular2-boilerplate@1.0.0~gulp: Failed to exec gulp script
14 verbose stack Error: angular2-boilerplate@1.0.0 gulp: `gulp`
14 verbose stack Exit status 1
14 verbose stack     at EventEmitter.<anonymous> (/home/mali/.nvm/versions/node/v5.6.0/lib/node_modules/npm/lib/utils/lifecycle.js:232:16)
14 verbose stack     at emitTwo (events.js:100:13)
14 verbose stack     at EventEmitter.emit (events.js:185:7)
14 verbose stack     at ChildProcess.<anonymous> (/home/mali/.nvm/versions/node/v5.6.0/lib/node_modules/npm/lib/utils/spawn.js:24:14)
14 verbose stack     at emitTwo (events.js:100:13)
14 verbose stack     at ChildProcess.emit (events.js:185:7)
14 verbose stack     at maybeClose (internal/child_process.js:827:16)
14 verbose stack     at Process.ChildProcess._handle.onexit (internal/child_process.js:211:5)
15 verbose pkgid angular2-boilerplate@1.0.0
16 verbose cwd /home/mali/hollandStopWatch/angular-2-beta-boilerplate
17 error Linux 4.2.0-34-generic
18 error argv "/home/mali/.nvm/versions/node/v5.6.0/bin/node" "/home/mali/.nvm/versions/node/v5.6.0/bin/npm" "run" "gulp"
19 error node v5.6.0
20 error npm  v3.6.0
21 error code ELIFECYCLE
22 error angular2-boilerplate@1.0.0 gulp: `gulp`
22 error Exit status 1
23 error Failed at the angular2-boilerplate@1.0.0 gulp script 'gulp'.
23 error Make sure you have the latest version of node.js and npm installed.
23 error If you do, this is most likely a problem with the angular2-boilerplate package,
23 error not with npm itself.
23 error Tell the author that this fails on your system:
23 error     gulp
23 error You can get information on how to open an issue for this project with:
23 error     npm bugs angular2-boilerplate
23 error Or if that isn't available, you can get their info via:
23 error     npm owner ls angular2-boilerplate
23 error There is likely additional logging output above.
24 verbose exit [ 1, true ]
